Removed Pin From Net: NetName=12V Pin=D6-2
Removed Pin From Net: NetName=VCC Pin=PAD8-1
Removed Pin From Net: NetName=12V Pin=Q4-3
Removed Pin From Net: NetName=GND Pin=Q5-3
Removed Pin From Net: NetName=GND Pin=Q6-2
Removed Pin From Net: NetName=GND Pin=Q7-3
Removed Pin From Net: NetName=GND Pin=Q8-2
Removed Pin From Net: NetName=12V Pin=R52-1
Removed Pin From Net: NetName=12V Pin=R53-1
Removed Pin From Net: NetName=12V Pin=R59-2
Removed Pin From Net: NetName=VCC Pin=R60-1
Removed Pin From Net: NetName=12V Pin=R60-2
Removed Pin From Net: NetName=VCC Pin=R61-1
Removed Pin From Net: NetName=12V Pin=R61-2
Removed Member From Class: ClassName=hot_air Member=PAD8
Removed Member From Class: ClassName=hot_air Member=PAD9
Removed Member From Class: ClassName=hot_air Member=Q4
Removed Member From Class: ClassName=hot_air Member=Q5
Removed Member From Class: ClassName=hot_air Member=Q6
Removed Member From Class: ClassName=hot_air Member=Q7
Removed Member From Class: ClassName=hot_air Member=Q8
Removed Member From Class: ClassName=hot_air Member=R52
Removed Member From Class: ClassName=hot_air Member=R53
Removed Member From Class: ClassName=hot_air Member=R54
Removed Member From Class: ClassName=hot_air Member=R55
Removed Member From Class: ClassName=hot_air Member=R60
Removed Member From Class: ClassName=hot_air Member=R61
Added Component: Designator=Q?(SOT-23)
Added Pin To Net: NetName=12V Pin=Q?-2
Added Pin To Net: NetName=VCC Pin=Q?-3
Added Pin To Net: NetName=NetD6_2 Pin=D6-2
Added Pin To Net: NetName=NetD6_2 Pin=Q?-1
Added Pin To Net: NetName=NetD6_2 Pin=R59-2
Added Net: Name=NetD6_2
Added Member To Class: ClassName=hot_air Member=Component Q? SS8050
