Removed Pin From Net: NetName=3.3V_BUS Pin=C22-1
Removed Pin From Net: NetName=GND Pin=C24-2
Removed Pin From Net: NetName=12V Pin=Q14-3
Removed Pin From Net: NetName=GND Pin=Q15-3
Removed Pin From Net: NetName=GND Pin=Q16-2
Removed Pin From Net: NetName=GND Pin=Q17-3
Removed Pin From Net: NetName=GND Pin=Q18-2
Removed Pin From Net: NetName=VCC Pin=R64-1
Removed Pin From Net: NetName=3.3V_BUS Pin=R65-2
Removed Pin From Net: NetName=3.3V_BUS Pin=R66-2
Removed Pin From Net: NetName=3.3V_BUS Pin=R67-2
Removed Pin From Net: NetName=GND Pin=R69-1
Removed Pin From Net: NetName=12V Pin=R70-1
Removed Pin From Net: NetName=12V Pin=R71-1
Removed Pin From Net: NetName=ADC_HAKKO Pin=R75-1
Removed Pin From Net: NetName=GND Pin=R76-2
Removed Pin From Net: NetName=GND Pin=R77-2
Removed Pin From Net: NetName=GND Pin=R78-2
Removed Pin From Net: NetName=ADC_HAKKO Pin=U12-1
Removed Pin From Net: NetName=GND Pin=U12-4
Removed Pin From Net: NetName=3.3V_BUS Pin=U12-8
