Removed Pin From Net: NetName=TFT_RST Pin=J2-4
Removed Pin From Net: NetName=TFT_CS Pin=R38-1
Removed Pin From Net: NetName=TFT_DC Pin=R39-1
Removed Pin From Net: NetName=NetJ2_3 Pin=R39-2
Added Component: Designator=R37(RES-SMD-0603)
Add component (AddParameter): Name = "Class"; Value = "Passive"; VariantName = "[No Variations]"
Add component (AddParameter): Name = "Manufacturer"; Value = "Generic Components"; VariantName = "[No Variations]"
Add component (AddParameter): Name = "Published"; Value = "08/06/2000"; VariantName = "[No Variations]"
Add component (AddParameter): Name = "Publisher"; Value = "Altium Hobart Technology Centre"; VariantName = "[No Variations]"
Added Component: Designator=R44(RES-SMD-0603)
Add component (AddParameter): Name = "Class"; Value = "Passive"; VariantName = "[No Variations]"
Add component (AddParameter): Name = "Manufacturer"; Value = "Generic Components"; VariantName = "[No Variations]"
Add component (AddParameter): Name = "Published"; Value = "08/06/2000"; VariantName = "[No Variations]"
Add component (AddParameter): Name = "Publisher"; Value = "Altium Hobart Technology Centre"; VariantName = "[No Variations]"
Added Pin To Net: NetName=TFT_DC Pin=R37-1
Added Pin To Net: NetName=NetJ2_2 Pin=R37-2
Added Pin To Net: NetName=TFT_SCLK Pin=R38-1
Added Pin To Net: NetName=TFT_CS Pin=R39-1
Added Pin To Net: NetName=TFT_RST Pin=R44-1
Added Pin To Net: NetName=NetJ2_3 Pin=R44-2
Added Pin To Net: NetName=NetJ2_4 Pin=J2-4
Added Pin To Net: NetName=NetJ2_4 Pin=R39-2
Added Net: Name=NetJ2_4
Added Member To Class: ClassName=MCU_ATMEGA328P Member=Component R37 22R
Added Member To Class: ClassName=MCU_ATMEGA328P Member=Component R44 22R
