Added Component: Designator=C23(CN-SMD-0805)
Add component (AddParameter): Name = "Designed by"; Value = "VanDungEvn"; VariantName = "[No Variations]"
Add component (AddParameter): Name = "Value"; Value = "0,1uF/300V"; VariantName = "[No Variations]"
Added Component: Designator=C24(CN-SMD-0805)
Add component (AddParameter): Name = "Designed by"; Value = "VanDungEvn"; VariantName = "[No Variations]"
Add component (AddParameter): Name = "Value"; Value = "0,1uF/300V"; VariantName = "[No Variations]"
Added Component: Designator=C25(CN-SMD-0805)
Add component (AddParameter): Name = "Designed by"; Value = "VanDungEvn"; VariantName = "[No Variations]"
Add component (AddParameter): Name = "Value"; Value = "0,1uF/300V"; VariantName = "[No Variations]"
Added Component: Designator=J1(JP5)
Added Component: Designator=J2(JP4x2)
Add component (AddParameter): Name = "Value"; Value = "Connector 4x2"; VariantName = "[No Variations]"
Added Component: Designator=JP2(CON2)
Add component (AddParameter): Name = "Value"; Value = "Connector 2"; VariantName = "[No Variations]"
Added Component: Designator=Q6(SOT23B)
Add component (AddParameter): Name = "Value"; Value = "C1815"; VariantName = "[No Variations]"
Added Component: Designator=R34(RES-SMD-0603)
Add component (AddParameter): Name = "Class"; Value = "Passive"; VariantName = "[No Variations]"
Add component (AddParameter): Name = "Manufacturer"; Value = "Generic Components"; VariantName = "[No Variations]"
Add component (AddParameter): Name = "Published"; Value = "08/06/2000"; VariantName = "[No Variations]"
Add component (AddParameter): Name = "Publisher"; Value = "Altium Hobart Technology Centre"; VariantName = "[No Variations]"
Added Component: Designator=R35(RES-SMD-0603)
Add component (AddParameter): Name = "Class"; Value = "Passive"; VariantName = "[No Variations]"
Add component (AddParameter): Name = "Manufacturer"; Value = "Generic Components"; VariantName = "[No Variations]"
Add component (AddParameter): Name = "Published"; Value = "08/06/2000"; VariantName = "[No Variations]"
Add component (AddParameter): Name = "Publisher"; Value = "Altium Hobart Technology Centre"; VariantName = "[No Variations]"
Added Component: Designator=R36(RES-SMD-0603)
Add component (AddParameter): Name = "Class"; Value = "Passive"; VariantName = "[No Variations]"
Add component (AddParameter): Name = "Manufacturer"; Value = "Generic Components"; VariantName = "[No Variations]"
Add component (AddParameter): Name = "Published"; Value = "08/06/2000"; VariantName = "[No Variations]"
Add component (AddParameter): Name = "Publisher"; Value = "Altium Hobart Technology Centre"; VariantName = "[No Variations]"
Added Component: Designator=R37(RES-SMD-0603)
Add component (AddParameter): Name = "Class"; Value = "Passive"; VariantName = "[No Variations]"
Add component (AddParameter): Name = "Manufacturer"; Value = "Generic Components"; VariantName = "[No Variations]"
Add component (AddParameter): Name = "Published"; Value = "08/06/2000"; VariantName = "[No Variations]"
Add component (AddParameter): Name = "Publisher"; Value = "Altium Hobart Technology Centre"; VariantName = "[No Variations]"
Added Component: Designator=R38(RES-SMD-0603)
Add component (AddParameter): Name = "Class"; Value = "Passive"; VariantName = "[No Variations]"
Add component (AddParameter): Name = "Manufacturer"; Value = "Generic Components"; VariantName = "[No Variations]"
Add component (AddParameter): Name = "Published"; Value = "08/06/2000"; VariantName = "[No Variations]"
Add component (AddParameter): Name = "Publisher"; Value = "Altium Hobart Technology Centre"; VariantName = "[No Variations]"
Added Component: Designator=R39(RES-SMD-0603)
Add component (AddParameter): Name = "Class"; Value = "Passive"; VariantName = "[No Variations]"
Add component (AddParameter): Name = "Manufacturer"; Value = "Generic Components"; VariantName = "[No Variations]"
Add component (AddParameter): Name = "Published"; Value = "08/06/2000"; VariantName = "[No Variations]"
Add component (AddParameter): Name = "Publisher"; Value = "Altium Hobart Technology Centre"; VariantName = "[No Variations]"
Added Component: Designator=R40(RES-SMD-0603)
Add component (AddParameter): Name = "Class"; Value = "Passive"; VariantName = "[No Variations]"
Add component (AddParameter): Name = "Manufacturer"; Value = "Generic Components"; VariantName = "[No Variations]"
Add component (AddParameter): Name = "Published"; Value = "08/06/2000"; VariantName = "[No Variations]"
Add component (AddParameter): Name = "Publisher"; Value = "Altium Hobart Technology Centre"; VariantName = "[No Variations]"
Added Component: Designator=R41(RES-SMD-0603)
Add component (AddParameter): Name = "Class"; Value = "Passive"; VariantName = "[No Variations]"
Add component (AddParameter): Name = "Manufacturer"; Value = "Generic Components"; VariantName = "[No Variations]"
Add component (AddParameter): Name = "Published"; Value = "08/06/2000"; VariantName = "[No Variations]"
Add component (AddParameter): Name = "Publisher"; Value = "Altium Hobart Technology Centre"; VariantName = "[No Variations]"
Added Component: Designator=R42(RES-SMD-0805)
Add component (AddParameter): Name = "Class"; Value = "Passive"; VariantName = "[No Variations]"
Add component (AddParameter): Name = "Manufacturer"; Value = "Generic Components"; VariantName = "[No Variations]"
Add component (AddParameter): Name = "Published"; Value = "08/06/2000"; VariantName = "[No Variations]"
Add component (AddParameter): Name = "Publisher"; Value = "Altium Hobart Technology Centre"; VariantName = "[No Variations]"
Added Component: Designator=R43(RES-SMD-0805)
Add component (AddParameter): Name = "Class"; Value = "Passive"; VariantName = "[No Variations]"
Add component (AddParameter): Name = "Manufacturer"; Value = "Generic Components"; VariantName = "[No Variations]"
Add component (AddParameter): Name = "Published"; Value = "08/06/2000"; VariantName = "[No Variations]"
Add component (AddParameter): Name = "Publisher"; Value = "Altium Hobart Technology Centre"; VariantName = "[No Variations]"
Added Component: Designator=SP1(Buzzer)
Added Pin To Net: NetName=GND Pin=C23-2
Added Pin To Net: NetName=GND Pin=C24-2
Added Pin To Net: NetName=GND Pin=C25-2
Added Pin To Net: NetName=+5VDC Pin=J1-1
Added Pin To Net: NetName=GND Pin=J1-5
Added Pin To Net: NetName=+5VDC Pin=J2-1
Added Pin To Net: NetName=GND Pin=J2-5
Added Pin To Net: NetName=+5VDC Pin=J2-8
Added Pin To Net: NetName=GND Pin=Q6-2
Added Pin To Net: NetName=+5VDC Pin=R34-2
Added Pin To Net: NetName=+5VDC Pin=R35-2
Added Pin To Net: NetName=+5VDC Pin=R36-2
Added Pin To Net: NetName=TFT_SCLK Pin=R37-1
Added Pin To Net: NetName=TFT_CS Pin=R38-1
Added Pin To Net: NetName=TFT_MOSI Pin=R40-1
Added Pin To Net: NetName=+5VDC Pin=R41-2
Added Pin To Net: NetName=+5VDC Pin=R42-1
Added Pin To Net: NetName=BUZ Pin=R43-2
Added Net: Name=BUZ
Added Pin To Net: NetName=LED_FC0 Pin=JP2-1
Added Net: Name=LED_FC0
Added Pin To Net: NetName=NetJ2_2 Pin=J2-2
Added Pin To Net: NetName=NetJ2_2 Pin=R37-2
Added Net: Name=NetJ2_2
Added Pin To Net: NetName=NetJ2_3 Pin=J2-3
Added Pin To Net: NetName=NetJ2_3 Pin=R39-2
Added Net: Name=NetJ2_3
Added Pin To Net: NetName=NetJ2_6 Pin=J2-6
Added Pin To Net: NetName=NetJ2_6 Pin=R38-2
Added Net: Name=NetJ2_6
Added Pin To Net: NetName=NetJ2_7 Pin=J2-7
Added Pin To Net: NetName=NetJ2_7 Pin=R40-2
Added Net: Name=NetJ2_7
Added Pin To Net: NetName=NetJP2_2 Pin=JP2-2
Added Pin To Net: NetName=NetJP2_2 Pin=R41-1
Added Net: Name=NetJP2_2
Added Pin To Net: NetName=NetQ6_2 Pin=R43-1
Added Pin To Net: NetName=NetQ6_2 Pin=Q6-1
Added Net: Name=NetQ6_2
Added Pin To Net: NetName=NetQ6_3 Pin=Q6-3
Added Pin To Net: NetName=NetQ6_3 Pin=SP1-2
Added Net: Name=NetQ6_3
Added Pin To Net: NetName=NetR42_2 Pin=R42-2
Added Pin To Net: NetName=NetR42_2 Pin=SP1-1
Added Net: Name=NetR42_2
Added Pin To Net: NetName=ROTA_CLK Pin=C25-1
Added Pin To Net: NetName=ROTA_CLK Pin=J1-2
Added Pin To Net: NetName=ROTA_CLK Pin=R36-1
Added Net: Name=ROTA_CLK
Added Pin To Net: NetName=ROTA_DATA Pin=C24-1
Added Pin To Net: NetName=ROTA_DATA Pin=J1-3
Added Pin To Net: NetName=ROTA_DATA Pin=R35-1
Added Net: Name=ROTA_DATA
Added Pin To Net: NetName=ROTA_SW Pin=C23-1
Added Pin To Net: NetName=ROTA_SW Pin=J1-4
Added Pin To Net: NetName=ROTA_SW Pin=R34-1
Added Net: Name=ROTA_SW
Added Pin To Net: NetName=TFT_DC Pin=R39-1
Added Net: Name=TFT_DC
Added Pin To Net: NetName=TFT_RST Pin=J2-4
Added Net: Name=TFT_RST
Added Member To Class: ClassName=MCU_ATMEGA328P Member=Component C23 NC
Added Member To Class: ClassName=MCU_ATMEGA328P Member=Component C24 NC
Added Member To Class: ClassName=MCU_ATMEGA328P Member=Component C25 NC
Added Member To Class: ClassName=MCU_ATMEGA328P Member=Component J1 ROTARY ENCODER
Added Member To Class: ClassName=MCU_ATMEGA328P Member=Component J2 TFT 1.8 Inch
Added Member To Class: ClassName=MCU_ATMEGA328P Member=Component JP2 LED1
Added Member To Class: ClassName=MCU_ATMEGA328P Member=Component Q6 J3Y
Added Member To Class: ClassName=MCU_ATMEGA328P Member=Component R34 12K
Added Member To Class: ClassName=MCU_ATMEGA328P Member=Component R35 12K
Added Member To Class: ClassName=MCU_ATMEGA328P Member=Component R36 12K
Added Member To Class: ClassName=MCU_ATMEGA328P Member=Component R37 22R
Added Member To Class: ClassName=MCU_ATMEGA328P Member=Component R38 22R
Added Member To Class: ClassName=MCU_ATMEGA328P Member=Component R39 22R
Added Member To Class: ClassName=MCU_ATMEGA328P Member=Component R40 22R
Added Member To Class: ClassName=MCU_ATMEGA328P Member=Component R41 2.2K
Added Member To Class: ClassName=MCU_ATMEGA328P Member=Component R42 3R3
Added Member To Class: ClassName=MCU_ATMEGA328P Member=Component R43 1K
Added Member To Class: ClassName=MCU_ATMEGA328P Member=Component SP1 Buzzer
Added Room: Name=MCU_ATMEGA328P
Added Room: Name=POWER_SUPPLY
Added Room: Name=SENSOR
