Added Component: Designator=U5(TQFP-32)
Added Pin To Net: NetName=RELAY Pin=U5-2
Added Pin To Net: NetName=GND Pin=U5-3
Added Pin To Net: NetName=+5VDC Pin=U5-4
Added Pin To Net: NetName=GND Pin=U5-5
Added Pin To Net: NetName=+5VDC Pin=U5-6
Added Pin To Net: NetName=NetC20_1 Pin=U5-7
Added Pin To Net: NetName=NetC21_1 Pin=U5-8
Added Pin To Net: NetName=FAN Pin=U5-9
Added Pin To Net: NetName=BUZ Pin=U5-10
Added Pin To Net: NetName=TRIAC Pin=U5-11
Added Pin To Net: NetName=TFT_DC Pin=U5-12
Added Pin To Net: NetName=TFT_RST Pin=U5-13
Added Pin To Net: NetName=TFT_CS Pin=U5-14
Added Pin To Net: NetName=TFT_MOSI Pin=U5-15
Added Pin To Net: NetName=LED_FC0 Pin=U5-16
Added Pin To Net: NetName=TFT_SCLK Pin=U5-17
Added Pin To Net: NetName=NetC17_2 Pin=U5-18
Added Pin To Net: NetName=ROTA_SW Pin=U5-19
Added Pin To Net: NetName=NetC17_2 Pin=U5-20
Added Pin To Net: NetName=GND Pin=U5-21
Added Pin To Net: NetName=ADC_THERMAL_SENSOR Pin=U5-23
Added Pin To Net: NetName=SWITCH Pin=U5-24
Added Pin To Net: NetName=ROTA_CLK Pin=U5-25
Added Pin To Net: NetName=ROTA_DATA Pin=U5-26
Added Pin To Net: NetName=SDA Pin=U5-27
Added Pin To Net: NetName=SCL Pin=U5-28
Added Pin To Net: NetName=RST Pin=U5-29
Added Pin To Net: NetName=RX Pin=U5-30
Added Pin To Net: NetName=TX Pin=U5-31
Added Pin To Net: NetName=ZERO_CROSSING Pin=U5-32
Added Member To Class: ClassName=MCU_ATMEGA328P Member=Component U5 ATMEGA328P
